[ 2016-06-02T14:27:12+08:00 ] 127.0.0.1 /Admin/Index/index
INFO: [ app_init ] --START--
INFO: Run Behavior\BuildLiteBehavior [ RunTime:0.000000s ]
INFO: [ app_init ] --END-- [ RunTime:0.000000s ]
INFO: [ app_begin ] --START--
INFO: Run Behavior\ReadHtmlCacheBehavior [ RunTime:0.000000s ]
INFO: [ app_begin ] --END-- [ RunTime:0.000000s ]

[ 2016-06-02T14:27:12+08:00 ] 127.0.0.1 /Admin/Login/index.html
INFO: [ app_init ] --START--
INFO: Run Behavior\BuildLiteBehavior [ RunTime:0.000000s ]
INFO: [ app_init ] --END-- [ RunTime:0.001000s ]
INFO: [ app_begin ] --START--
INFO: Run Behavior\ReadHtmlCacheBehavior [ RunTime:0.000000s ]
INFO: [ app_begin ] --END-- [ RunTime:0.001000s ]
INFO: [ view_parse ] --START--
INFO: [ template_filter ] --START--
INFO: Run Behavior\ContentReplaceBehavior [ RunTime:0.001000s ]
INFO: [ template_filter ] --END-- [ RunTime:0.001000s ]
INFO: Run Behavior\ParseTemplateBehavior [ RunTime:0.016001s ]
INFO: [ view_parse ] --END-- [ RunTime:0.016001s ]
INFO: [ view_filter ] --START--
INFO: Run Behavior\WriteHtmlCacheBehavior [ RunTime:0.000000s ]
INFO: [ view_filter ] --END-- [ RunTime:0.000000s ]
INFO: [ app_end ] --START--
INFO: Run Behavior\ShowPageTraceBehavior [ RunTime:0.001000s ]
INFO: [ app_end ] --END-- [ RunTime:0.001000s ]

[ 2016-06-02T14:27:12+08:00 ] 127.0.0.1 /Admin/Login/verify.html
INFO: [ app_init ] --START--
INFO: Run Behavior\BuildLiteBehavior [ RunTime:0.001000s ]
INFO: [ app_init ] --END-- [ RunTime:0.001000s ]
INFO: [ app_begin ] --START--
INFO: Run Behavior\ReadHtmlCacheBehavior [ RunTime:0.001000s ]
INFO: [ app_begin ] --END-- [ RunTime:0.001000s ]
INFO: [ app_end ] --START--
INFO: Run Behavior\ShowPageTraceBehavior [ RunTime:0.001000s ]
INFO: [ app_end ] --END-- [ RunTime:0.001000s ]

[ 2016-06-02T14:27:22+08:00 ] 127.0.0.1 /Admin/Login/loginCheck.html
INFO: [ app_init ] --START--
INFO: Run Behavior\BuildLiteBehavior [ RunTime:0.000000s ]
INFO: [ app_init ] --END-- [ RunTime:0.000000s ]
INFO: [ app_begin ] --START--
INFO: Run Behavior\ReadHtmlCacheBehavior [ RunTime:0.001000s ]
INFO: [ app_begin ] --END-- [ RunTime:0.001000s ]
SQL: SHOW COLUMNS FROM `kaixun_user` [ RunTime:0.0620s ]
SQL: SELECT * FROM `kaixun_user` WHERE `user_account` = 'junchao' LIMIT 1   [ RunTime:0.0000s ]

[ 2016-06-02T14:27:25+08:00 ] 127.0.0.1 /Admin/Login/index.html
INFO: [ app_init ] --START--
INFO: Run Behavior\BuildLiteBehavior [ RunTime:0.000000s ]
INFO: [ app_init ] --END-- [ RunTime:0.000000s ]
INFO: [ app_begin ] --START--
INFO: Run Behavior\ReadHtmlCacheBehavior [ RunTime:0.000000s ]
INFO: [ app_begin ] --END-- [ RunTime:0.000000s ]
INFO: [ view_parse ] --START--
INFO: [ template_filter ] --START--
INFO: Run Behavior\ContentReplaceBehavior [ RunTime:0.000000s ]
INFO: [ template_filter ] --END-- [ RunTime:0.000000s ]
INFO: Run Behavior\ParseTemplateBehavior [ RunTime:0.005001s ]
INFO: [ view_parse ] --END-- [ RunTime:0.006001s ]
INFO: [ view_filter ] --START--
INFO: Run Behavior\WriteHtmlCacheBehavior [ RunTime:0.000000s ]
INFO: [ view_filter ] --END-- [ RunTime:0.000000s ]
INFO: [ app_end ] --START--
INFO: Run Behavior\ShowPageTraceBehavior [ RunTime:0.001000s ]
INFO: [ app_end ] --END-- [ RunTime:0.001000s ]

[ 2016-06-02T14:27:25+08:00 ] 127.0.0.1 /Admin/Login/verify.html
INFO: [ app_init ] --START--
INFO: Run Behavior\BuildLiteBehavior [ RunTime:0.000000s ]
INFO: [ app_init ] --END-- [ RunTime:0.001000s ]
INFO: [ app_begin ] --START--
INFO: Run Behavior\ReadHtmlCacheBehavior [ RunTime:0.000000s ]
INFO: [ app_begin ] --END-- [ RunTime:0.000000s ]
INFO: [ app_end ] --START--
INFO: Run Behavior\ShowPageTraceBehavior [ RunTime:0.001000s ]
INFO: [ app_end ] --END-- [ RunTime:0.001000s ]

[ 2016-06-02T14:27:42+08:00 ] 127.0.0.1 /Admin/Login/loginCheck.html
INFO: [ app_init ] --START--
INFO: Run Behavior\BuildLiteBehavior [ RunTime:0.000000s ]
INFO: [ app_init ] --END-- [ RunTime:0.000000s ]
INFO: [ app_begin ] --START--
INFO: Run Behavior\ReadHtmlCacheBehavior [ RunTime:0.001000s ]
INFO: [ app_begin ] --END-- [ RunTime:0.001000s ]
SQL: SHOW COLUMNS FROM `kaixun_user` [ RunTime:0.0040s ]
SQL: SELECT * FROM `kaixun_user` WHERE `user_account` = 'junchao' LIMIT 1   [ RunTime:0.0000s ]

[ 2016-06-02T14:27:42+08:00 ] 127.0.0.1 /Admin/Product/index.html
INFO: [ app_init ] --START--
INFO: Run Behavior\BuildLiteBehavior [ RunTime:0.000000s ]
INFO: [ app_init ] --END-- [ RunTime:0.000000s ]
INFO: [ app_begin ] --START--
INFO: Run Behavior\ReadHtmlCacheBehavior [ RunTime:0.000000s ]
INFO: [ app_begin ] --END-- [ RunTime:0.000000s ]
SQL: SHOW COLUMNS FROM `kaixun_user` [ RunTime:0.0100s ]
SQL: SELECT `user_name`,`user_id` FROM `kaixun_user` WHERE ( user_id=1 )  [ RunTime:0.0000s ]
SQL: SHOW COLUMNS FROM `kaixun_product` [ RunTime:0.0040s ]
SQL: SELECT COUNT(*) AS tp_count FROM `kaixun_product` LIMIT 1   [ RunTime:0.0000s ]
SQL: SELECT * FROM `kaixun_product` LIMIT 0,10   [ RunTime:0.0010s ]
SQL: SHOW COLUMNS FROM `kaixun_category2` [ RunTime:0.0040s ]
SQL: SELECT `category2_name` FROM `kaixun_category2` WHERE ( 1=1 AND category2_id='1' ) LIMIT 1   [ RunTime:0.0000s ]
SQL: SELECT `category2_name` FROM `kaixun_category2` WHERE ( 1=1 AND category2_id='1' ) LIMIT 1   [ RunTime:0.0010s ]
SQL: SELECT `category2_name` FROM `kaixun_category2` WHERE ( 1=1 AND category2_id='2' ) LIMIT 1   [ RunTime:0.0000s ]
SQL: SELECT `category2_name` FROM `kaixun_category2` WHERE ( 1=1 AND category2_id='2' ) LIMIT 1   [ RunTime:0.0000s ]
SQL: SELECT `category2_name` FROM `kaixun_category2` WHERE ( 1=1 AND category2_id='3' ) LIMIT 1   [ RunTime:0.0000s ]
SQL: SELECT `category2_name` FROM `kaixun_category2` WHERE ( 1=1 AND category2_id='3' ) LIMIT 1   [ RunTime:0.0010s ]
SQL: SELECT `category2_name` FROM `kaixun_category2` WHERE ( 1=1 AND category2_id='4' ) LIMIT 1   [ RunTime:0.0000s ]
SQL: SELECT `category2_name` FROM `kaixun_category2` WHERE ( 1=1 AND category2_id='4' ) LIMIT 1   [ RunTime:0.0000s ]
SQL: SELECT `category2_name` FROM `kaixun_category2` WHERE ( 1=1 AND category2_id='5' ) LIMIT 1   [ RunTime:0.0010s ]
SQL: SELECT `category2_name` FROM `kaixun_category2` WHERE ( 1=1 AND category2_id='5' ) LIMIT 1   [ RunTime:0.0000s ]
INFO: [ view_parse ] --START--
INFO: [ template_filter ] --START--
INFO: Run Behavior\ContentReplaceBehavior [ RunTime:0.001000s ]
INFO: [ template_filter ] --END-- [ RunTime:0.001000s ]
NOTIC: [8] Use of undefined constant product_id - assumed 'product_id' C:\Users\Administrator\Desktop\kaixun\Application\Runtime\Cache\Admin\34e4b095905075aaede5ee9039415509.php 第 222 行.
NOTIC: [8] Use of undefined constant product_id - assumed 'product_id' C:\Users\Administrator\Desktop\kaixun\Application\Runtime\Cache\Admin\34e4b095905075aaede5ee9039415509.php 第 222 行.
NOTIC: [8] Use of undefined constant product_id - assumed 'product_id' C:\Users\Administrator\Desktop\kaixun\Application\Runtime\Cache\Admin\34e4b095905075aaede5ee9039415509.php 第 222 行.
NOTIC: [8] Use of undefined constant product_id - assumed 'product_id' C:\Users\Administrator\Desktop\kaixun\Application\Runtime\Cache\Admin\34e4b095905075aaede5ee9039415509.php 第 222 行.
NOTIC: [8] Use of undefined constant product_id - assumed 'product_id' C:\Users\Administrator\Desktop\kaixun\Application\Runtime\Cache\Admin\34e4b095905075aaede5ee9039415509.php 第 222 行.
NOTIC: [8] Use of undefined constant product_id - assumed 'product_id' C:\Users\Administrator\Desktop\kaixun\Application\Runtime\Cache\Admin\34e4b095905075aaede5ee9039415509.php 第 222 行.
NOTIC: [8] Use of undefined constant product_id - assumed 'product_id' C:\Users\Administrator\Desktop\kaixun\Application\Runtime\Cache\Admin\34e4b095905075aaede5ee9039415509.php 第 222 行.
NOTIC: [8] Use of undefined constant product_id - assumed 'product_id' C:\Users\Administrator\Desktop\kaixun\Application\Runtime\Cache\Admin\34e4b095905075aaede5ee9039415509.php 第 222 行.
NOTIC: [8] Use of undefined constant product_id - assumed 'product_id' C:\Users\Administrator\Desktop\kaixun\Application\Runtime\Cache\Admin\34e4b095905075aaede5ee9039415509.php 第 222 行.
NOTIC: [8] Use of undefined constant product_id - assumed 'product_id' C:\Users\Administrator\Desktop\kaixun\Application\Runtime\Cache\Admin\34e4b095905075aaede5ee9039415509.php 第 222 行.
INFO: Run Behavior\ParseTemplateBehavior [ RunTime:0.082004s ]
INFO: [ view_parse ] --END-- [ RunTime:0.083004s ]
INFO: [ view_filter ] --START--
INFO: Run Behavior\WriteHtmlCacheBehavior [ RunTime:0.001001s ]
INFO: [ view_filter ] --END-- [ RunTime:0.001001s ]
INFO: [ app_end ] --START--
INFO: Run Behavior\ShowPageTraceBehavior [ RunTime:0.001000s ]
INFO: [ app_end ] --END-- [ RunTime:0.001000s ]

