[ 2016-05-30T14:03:52+08:00 ] 127.0.0.1 /admin
INFO: [ app_init ] --START--
INFO: Run Behavior\BuildLiteBehavior [ RunTime:0.000000s ]
INFO: [ app_init ] --END-- [ RunTime:0.000000s ]
INFO: [ app_begin ] --START--
INFO: Run Behavior\ReadHtmlCacheBehavior [ RunTime:0.000000s ]
INFO: [ app_begin ] --END-- [ RunTime:0.000000s ]

[ 2016-05-30T14:03:52+08:00 ] 127.0.0.1 /Admin/Login/index.html
INFO: [ app_init ] --START--
INFO: Run Behavior\BuildLiteBehavior [ RunTime:0.000000s ]
INFO: [ app_init ] --END-- [ RunTime:0.002501s ]
INFO: [ app_begin ] --START--
INFO: Run Behavior\ReadHtmlCacheBehavior [ RunTime:0.000000s ]
INFO: [ app_begin ] --END-- [ RunTime:0.000000s ]
INFO: [ view_parse ] --START--
INFO: [ template_filter ] --START--
INFO: Run Behavior\ContentReplaceBehavior [ RunTime:0.000000s ]
INFO: [ template_filter ] --END-- [ RunTime:0.000000s ]
INFO: Run Behavior\ParseTemplateBehavior [ RunTime:0.127502s ]
INFO: [ view_parse ] --END-- [ RunTime:0.127502s ]
INFO: [ view_filter ] --START--
INFO: Run Behavior\WriteHtmlCacheBehavior [ RunTime:0.000000s ]
INFO: [ view_filter ] --END-- [ RunTime:0.000000s ]
INFO: [ app_end ] --START--
INFO: Run Behavior\ShowPageTraceBehavior [ RunTime:0.000000s ]
INFO: [ app_end ] --END-- [ RunTime:0.000000s ]

[ 2016-05-30T14:03:53+08:00 ] 127.0.0.1 /Admin/Login/verify.html
INFO: [ app_init ] --START--
INFO: Run Behavior\BuildLiteBehavior [ RunTime:0.000000s ]
INFO: [ app_init ] --END-- [ RunTime:0.000000s ]
INFO: [ app_begin ] --START--
INFO: Run Behavior\ReadHtmlCacheBehavior [ RunTime:0.002500s ]
INFO: [ app_begin ] --END-- [ RunTime:0.002500s ]
INFO: [ app_end ] --START--
INFO: Run Behavior\ShowPageTraceBehavior [ RunTime:0.002500s ]
INFO: [ app_end ] --END-- [ RunTime:0.002500s ]

[ 2016-05-30T14:04:06+08:00 ] 127.0.0.1 /Admin/Login/loginCheck.html
INFO: [ app_init ] --START--
INFO: Run Behavior\BuildLiteBehavior [ RunTime:0.000000s ]
INFO: [ app_init ] --END-- [ RunTime:0.000000s ]
INFO: [ app_begin ] --START--
INFO: Run Behavior\ReadHtmlCacheBehavior [ RunTime:0.002500s ]
INFO: [ app_begin ] --END-- [ RunTime:0.002500s ]
SQL: SHOW COLUMNS FROM `kaixun_user` [ RunTime:0.2340s ]
SQL: SELECT * FROM `kaixun_user` WHERE `user_account` = 'junchao' LIMIT 1   [ RunTime:0.0000s ]

[ 2016-05-30T14:04:06+08:00 ] 127.0.0.1 /Admin/Product/index.html
INFO: [ app_init ] --START--
INFO: Run Behavior\BuildLiteBehavior [ RunTime:0.000000s ]
INFO: [ app_init ] --END-- [ RunTime:0.000000s ]
INFO: [ app_begin ] --START--
INFO: Run Behavior\ReadHtmlCacheBehavior [ RunTime:0.002500s ]
INFO: [ app_begin ] --END-- [ RunTime:0.002500s ]
SQL: SHOW COLUMNS FROM `kaixun_user` [ RunTime:0.0050s ]
SQL: SELECT `user_name`,`user_id` FROM `kaixun_user` WHERE ( user_id=1 )  [ RunTime:0.0000s ]
SQL: SHOW COLUMNS FROM `kaixun_product` [ RunTime:0.0050s ]
SQL: SELECT COUNT(*) AS tp_count FROM `kaixun_product` LIMIT 1   [ RunTime:0.0200s ]
SQL: SELECT * FROM `kaixun_product` LIMIT 0,10   [ RunTime:0.0000s ]
SQL: SHOW COLUMNS FROM `kaixun_category2` [ RunTime:0.0100s ]
SQL: SELECT `category2_name` FROM `kaixun_category2` WHERE ( 1=1 AND category2_id='1' ) LIMIT 1   [ RunTime:0.0025s ]
SQL: SELECT `category2_name` FROM `kaixun_category2` WHERE ( 1=1 AND category2_id='1' ) LIMIT 1   [ RunTime:0.0000s ]
SQL: SELECT `category2_name` FROM `kaixun_category2` WHERE ( 1=1 AND category2_id='2' ) LIMIT 1   [ RunTime:0.0000s ]
SQL: SELECT `category2_name` FROM `kaixun_category2` WHERE ( 1=1 AND category2_id='2' ) LIMIT 1   [ RunTime:0.0000s ]
SQL: SELECT `category2_name` FROM `kaixun_category2` WHERE ( 1=1 AND category2_id='3' ) LIMIT 1   [ RunTime:0.0000s ]
SQL: SELECT `category2_name` FROM `kaixun_category2` WHERE ( 1=1 AND category2_id='3' ) LIMIT 1   [ RunTime:0.0025s ]
SQL: SELECT `category2_name` FROM `kaixun_category2` WHERE ( 1=1 AND category2_id='4' ) LIMIT 1   [ RunTime:0.0000s ]
SQL: SELECT `category2_name` FROM `kaixun_category2` WHERE ( 1=1 AND category2_id='4' ) LIMIT 1   [ RunTime:0.0000s ]
SQL: SELECT `category2_name` FROM `kaixun_category2` WHERE ( 1=1 AND category2_id='5' ) LIMIT 1   [ RunTime:0.0000s ]
SQL: SELECT `category2_name` FROM `kaixun_category2` WHERE ( 1=1 AND category2_id='5' ) LIMIT 1   [ RunTime:0.0000s ]
INFO: [ view_parse ] --START--
INFO: [ template_filter ] --START--
INFO: Run Behavior\ContentReplaceBehavior [ RunTime:0.000000s ]
INFO: [ template_filter ] --END-- [ RunTime:0.000000s ]
NOTIC: [8] Use of undefined constant product_id - assumed 'product_id' C:\Users\Administrator\Desktop\kaixun\Application\Runtime\Cache\Admin\34e4b095905075aaede5ee9039415509.php 第 222 行.
NOTIC: [8] Use of undefined constant product_id - assumed 'product_id' C:\Users\Administrator\Desktop\kaixun\Application\Runtime\Cache\Admin\34e4b095905075aaede5ee9039415509.php 第 222 行.
NOTIC: [8] Use of undefined constant product_id - assumed 'product_id' C:\Users\Administrator\Desktop\kaixun\Application\Runtime\Cache\Admin\34e4b095905075aaede5ee9039415509.php 第 222 行.
NOTIC: [8] Use of undefined constant product_id - assumed 'product_id' C:\Users\Administrator\Desktop\kaixun\Application\Runtime\Cache\Admin\34e4b095905075aaede5ee9039415509.php 第 222 行.
NOTIC: [8] Use of undefined constant product_id - assumed 'product_id' C:\Users\Administrator\Desktop\kaixun\Application\Runtime\Cache\Admin\34e4b095905075aaede5ee9039415509.php 第 222 行.
NOTIC: [8] Use of undefined constant product_id - assumed 'product_id' C:\Users\Administrator\Desktop\kaixun\Application\Runtime\Cache\Admin\34e4b095905075aaede5ee9039415509.php 第 222 行.
NOTIC: [8] Use of undefined constant product_id - assumed 'product_id' C:\Users\Administrator\Desktop\kaixun\Application\Runtime\Cache\Admin\34e4b095905075aaede5ee9039415509.php 第 222 行.
NOTIC: [8] Use of undefined constant product_id - assumed 'product_id' C:\Users\Administrator\Desktop\kaixun\Application\Runtime\Cache\Admin\34e4b095905075aaede5ee9039415509.php 第 222 行.
NOTIC: [8] Use of undefined constant product_id - assumed 'product_id' C:\Users\Administrator\Desktop\kaixun\Application\Runtime\Cache\Admin\34e4b095905075aaede5ee9039415509.php 第 222 行.
NOTIC: [8] Use of undefined constant product_id - assumed 'product_id' C:\Users\Administrator\Desktop\kaixun\Application\Runtime\Cache\Admin\34e4b095905075aaede5ee9039415509.php 第 222 行.
INFO: Run Behavior\ParseTemplateBehavior [ RunTime:0.092502s ]
INFO: [ view_parse ] --END-- [ RunTime:0.092502s ]
INFO: [ view_filter ] --START--
INFO: Run Behavior\WriteHtmlCacheBehavior [ RunTime:0.000000s ]
INFO: [ view_filter ] --END-- [ RunTime:0.000000s ]
INFO: [ app_end ] --START--
INFO: Run Behavior\ShowPageTraceBehavior [ RunTime:0.000000s ]
INFO: [ app_end ] --END-- [ RunTime:0.000000s ]

[ 2016-05-30T15:55:48+08:00 ] 127.0.0.1 /Admin/Index/index
INFO: [ app_init ] --START--
INFO: Run Behavior\BuildLiteBehavior [ RunTime:0.000000s ]
INFO: [ app_init ] --END-- [ RunTime:0.000000s ]
INFO: [ app_begin ] --START--
INFO: Run Behavior\ReadHtmlCacheBehavior [ RunTime:0.000000s ]
INFO: [ app_begin ] --END-- [ RunTime:0.000000s ]

[ 2016-05-30T15:55:48+08:00 ] 127.0.0.1 /Admin/Login/index.html
INFO: [ app_init ] --START--
INFO: Run Behavior\BuildLiteBehavior [ RunTime:0.000000s ]
INFO: [ app_init ] --END-- [ RunTime:0.000000s ]
INFO: [ app_begin ] --START--
INFO: Run Behavior\ReadHtmlCacheBehavior [ RunTime:0.002500s ]
INFO: [ app_begin ] --END-- [ RunTime:0.002500s ]
INFO: [ view_parse ] --START--
INFO: [ template_filter ] --START--
INFO: Run Behavior\ContentReplaceBehavior [ RunTime:0.000000s ]
INFO: [ template_filter ] --END-- [ RunTime:0.000000s ]
INFO: Run Behavior\ParseTemplateBehavior [ RunTime:0.007500s ]
INFO: [ view_parse ] --END-- [ RunTime:0.007500s ]
INFO: [ view_filter ] --START--
INFO: Run Behavior\WriteHtmlCacheBehavior [ RunTime:0.000000s ]
INFO: [ view_filter ] --END-- [ RunTime:0.000000s ]
INFO: [ app_end ] --START--
INFO: Run Behavior\ShowPageTraceBehavior [ RunTime:0.000000s ]
INFO: [ app_end ] --END-- [ RunTime:0.000000s ]

[ 2016-05-30T15:55:48+08:00 ] 127.0.0.1 /Admin/Login/verify.html
INFO: [ app_init ] --START--
INFO: Run Behavior\BuildLiteBehavior [ RunTime:0.000000s ]
INFO: [ app_init ] --END-- [ RunTime:0.002500s ]
INFO: [ app_begin ] --START--
INFO: Run Behavior\ReadHtmlCacheBehavior [ RunTime:0.000000s ]
INFO: [ app_begin ] --END-- [ RunTime:0.000000s ]
INFO: [ app_end ] --START--
INFO: Run Behavior\ShowPageTraceBehavior [ RunTime:0.000000s ]
INFO: [ app_end ] --END-- [ RunTime:0.000000s ]

[ 2016-05-30T15:55:58+08:00 ] 127.0.0.1 /Admin/Login/loginCheck.html
INFO: [ app_init ] --START--
INFO: Run Behavior\BuildLiteBehavior [ RunTime:0.000000s ]
INFO: [ app_init ] --END-- [ RunTime:0.000000s ]
INFO: [ app_begin ] --START--
INFO: Run Behavior\ReadHtmlCacheBehavior [ RunTime:0.000000s ]
INFO: [ app_begin ] --END-- [ RunTime:0.000000s ]
SQL: SHOW COLUMNS FROM `kaixun_user` [ RunTime:0.0050s ]
SQL: SELECT * FROM `kaixun_user` WHERE `user_account` = 'junchao' LIMIT 1   [ RunTime:0.0000s ]

[ 2016-05-30T15:55:58+08:00 ] 127.0.0.1 /Admin/Product/index.html
INFO: [ app_init ] --START--
INFO: Run Behavior\BuildLiteBehavior [ RunTime:0.000000s ]
INFO: [ app_init ] --END-- [ RunTime:0.000000s ]
INFO: [ app_begin ] --START--
INFO: Run Behavior\ReadHtmlCacheBehavior [ RunTime:0.000000s ]
INFO: [ app_begin ] --END-- [ RunTime:0.000000s ]
SQL: SHOW COLUMNS FROM `kaixun_user` [ RunTime:0.0025s ]
SQL: SELECT `user_name`,`user_id` FROM `kaixun_user` WHERE ( user_id=1 )  [ RunTime:0.0000s ]
SQL: SHOW COLUMNS FROM `kaixun_product` [ RunTime:0.0025s ]
SQL: SELECT COUNT(*) AS tp_count FROM `kaixun_product` LIMIT 1   [ RunTime:0.0000s ]
SQL: SELECT * FROM `kaixun_product` LIMIT 0,10   [ RunTime:0.0000s ]
SQL: SHOW COLUMNS FROM `kaixun_category2` [ RunTime:0.0050s ]
SQL: SELECT `category2_name` FROM `kaixun_category2` WHERE ( 1=1 AND category2_id='1' ) LIMIT 1   [ RunTime:0.0000s ]
SQL: SELECT `category2_name` FROM `kaixun_category2` WHERE ( 1=1 AND category2_id='1' ) LIMIT 1   [ RunTime:0.0000s ]
SQL: SELECT `category2_name` FROM `kaixun_category2` WHERE ( 1=1 AND category2_id='2' ) LIMIT 1   [ RunTime:0.0000s ]
SQL: SELECT `category2_name` FROM `kaixun_category2` WHERE ( 1=1 AND category2_id='2' ) LIMIT 1   [ RunTime:0.0000s ]
SQL: SELECT `category2_name` FROM `kaixun_category2` WHERE ( 1=1 AND category2_id='3' ) LIMIT 1   [ RunTime:0.0000s ]
SQL: SELECT `category2_name` FROM `kaixun_category2` WHERE ( 1=1 AND category2_id='3' ) LIMIT 1   [ RunTime:0.0025s ]
SQL: SELECT `category2_name` FROM `kaixun_category2` WHERE ( 1=1 AND category2_id='4' ) LIMIT 1   [ RunTime:0.0000s ]
SQL: SELECT `category2_name` FROM `kaixun_category2` WHERE ( 1=1 AND category2_id='4' ) LIMIT 1   [ RunTime:0.0000s ]
SQL: SELECT `category2_name` FROM `kaixun_category2` WHERE ( 1=1 AND category2_id='5' ) LIMIT 1   [ RunTime:0.0000s ]
SQL: SELECT `category2_name` FROM `kaixun_category2` WHERE ( 1=1 AND category2_id='5' ) LIMIT 1   [ RunTime:0.0025s ]
INFO: [ view_parse ] --START--
INFO: [ template_filter ] --START--
INFO: Run Behavior\ContentReplaceBehavior [ RunTime:0.000000s ]
INFO: [ template_filter ] --END-- [ RunTime:0.000000s ]
NOTIC: [8] Use of undefined constant product_id - assumed 'product_id' C:\Users\Administrator\Desktop\kaixun\Application\Runtime\Cache\Admin\34e4b095905075aaede5ee9039415509.php 第 222 行.
NOTIC: [8] Use of undefined constant product_id - assumed 'product_id' C:\Users\Administrator\Desktop\kaixun\Application\Runtime\Cache\Admin\34e4b095905075aaede5ee9039415509.php 第 222 行.
NOTIC: [8] Use of undefined constant product_id - assumed 'product_id' C:\Users\Administrator\Desktop\kaixun\Application\Runtime\Cache\Admin\34e4b095905075aaede5ee9039415509.php 第 222 行.
NOTIC: [8] Use of undefined constant product_id - assumed 'product_id' C:\Users\Administrator\Desktop\kaixun\Application\Runtime\Cache\Admin\34e4b095905075aaede5ee9039415509.php 第 222 行.
NOTIC: [8] Use of undefined constant product_id - assumed 'product_id' C:\Users\Administrator\Desktop\kaixun\Application\Runtime\Cache\Admin\34e4b095905075aaede5ee9039415509.php 第 222 行.
NOTIC: [8] Use of undefined constant product_id - assumed 'product_id' C:\Users\Administrator\Desktop\kaixun\Application\Runtime\Cache\Admin\34e4b095905075aaede5ee9039415509.php 第 222 行.
NOTIC: [8] Use of undefined constant product_id - assumed 'product_id' C:\Users\Administrator\Desktop\kaixun\Application\Runtime\Cache\Admin\34e4b095905075aaede5ee9039415509.php 第 222 行.
NOTIC: [8] Use of undefined constant product_id - assumed 'product_id' C:\Users\Administrator\Desktop\kaixun\Application\Runtime\Cache\Admin\34e4b095905075aaede5ee9039415509.php 第 222 行.
NOTIC: [8] Use of undefined constant product_id - assumed 'product_id' C:\Users\Administrator\Desktop\kaixun\Application\Runtime\Cache\Admin\34e4b095905075aaede5ee9039415509.php 第 222 行.
NOTIC: [8] Use of undefined constant product_id - assumed 'product_id' C:\Users\Administrator\Desktop\kaixun\Application\Runtime\Cache\Admin\34e4b095905075aaede5ee9039415509.php 第 222 行.
INFO: Run Behavior\ParseTemplateBehavior [ RunTime:0.010000s ]
INFO: [ view_parse ] --END-- [ RunTime:0.010000s ]
INFO: [ view_filter ] --START--
INFO: Run Behavior\WriteHtmlCacheBehavior [ RunTime:0.000000s ]
INFO: [ view_filter ] --END-- [ RunTime:0.000000s ]
INFO: [ app_end ] --START--
INFO: Run Behavior\ShowPageTraceBehavior [ RunTime:0.005000s ]
INFO: [ app_end ] --END-- [ RunTime:0.005000s ]

